# JRE version: OpenJDK Runtime Environment Temurin-17.0.8+7 (17.0.8+7) (build 17.0.8+7)
# Java VM: OpenJDK 64-Bit Server VM Temurin-17.0.8+7 (17.0.8+7, mixed mode, sharing, tiered, compressed oops, compressed class ptrs, g1 gc, windows-amd64)
GC Precious Log:
 CPUs: 4 total, 4 available
 Memory: 8113M
 Large Page Support: Disabled
 NUMA Support: Disabled
 Compressed Oops: Enabled (32-bit)
 Heap Region Size: 1M
 Heap Min Capacity: 8M
 Heap Initial Capacity: 128M
 Heap Max Capacity: 2G
 Pre-touch: Disabled
 Parallel Workers: 4
 Concurrent Workers: 1
 Concurrent Refinement Workers: 4
 Periodic GC: Disabled
Heap:
 garbage-first heap   total 288768K, used 213504K [0x0000000080000000, 0x0000000100000000)
  region size 1024K, 5 young (5120K), 5 survivors (5120K)
 Metaspace       used 100544K, committed 101248K, reserved 1179648K
  class space    used 13676K, committed 14016K, reserved 1048576K
GC Heap History (20 events):
Event: 65.682 GC heap after
{Heap after GC invocations=45 (full 0):
 garbage-first heap   total 260096K, used 110248K [0x0000000080000000, 0x0000000100000000)
  region size 1024K, 4 young (4096K), 4 survivors (4096K)
 Metaspace       used 99027K, committed 99776K, reserved 1179648K
  class space    used 13522K, committed 13888K, reserved 1048576K
}
Event: 68.523 GC heap before
{Heap before GC invocations=45 (full 0):
 garbage-first heap   total 260096K, used 221864K [0x0000000080000000, 0x0000000100000000)
  region size 1024K, 113 young (115712K), 4 survivors (4096K)
 Metaspace       used 99063K, committed 99776K, reserved 1179648K
  class space    used 13527K, committed 13888K, reserved 1048576K
}
Event: 68.534 GC heap after
{Heap after GC invocations=46 (full 0):
 garbage-first heap   total 260096K, used 110732K [0x0000000080000000, 0x0000000100000000)
  region size 1024K, 5 young (5120K), 5 survivors (5120K)
 Metaspace       used 99063K, committed 99776K, reserved 1179648K
  class space    used 13527K, committed 13888K, reserved 1048576K
}
Event: 70.815 GC heap before
{Heap before GC invocations=46 (full 0):
 garbage-first heap   total 260096K, used 223372K [0x0000000080000000, 0x0000000100000000)
  region size 1024K, 115 young (117760K), 5 survivors (5120K)
 Metaspace       used 99080K, committed 99840K, reserved 1179648K
  class space    used 13527K, committed 13888K, reserved 1048576K
}
Event: 70.827 GC heap after
{Heap after GC invocations=47 (full 0):
 garbage-first heap   total 260096K, used 111792K [0x0000000080000000, 0x0000000100000000)
  region size 1024K, 6 young (6144K), 6 survivors (6144K)
 Metaspace       used 99080K, committed 99840K, reserved 1179648K
  class space    used 13527K, committed 13888K, reserved 1048576K
}
Event: 73.464 GC heap before
{Heap before GC invocations=47 (full 0):
 garbage-first heap   total 260096K, used 225456K [0x0000000080000000, 0x0000000100000000)
  region size 1024K, 116 young (118784K), 6 survivors (6144K)
 Metaspace       used 99217K, committed 99904K, reserved 1179648K
  class space    used 13527K, committed 13888K, reserved 1048576K
}
Event: 73.476 GC heap after
{Heap after GC invocations=48 (full 0):
 garbage-first heap   total 260096K, used 111075K [0x0000000080000000, 0x0000000100000000)
  region size 1024K, 5 young (5120K), 5 survivors (5120K)
 Metaspace       used 99217K, committed 99904K, reserved 1179648K
  class space    used 13527K, committed 13888K, reserved 1048576K
}
Event: 86.616 GC heap before
{Heap before GC invocations=48 (full 0):
 garbage-first heap   total 260096K, used 236003K [0x0000000080000000, 0x0000000100000000)
  region size 1024K, 117 young (119808K), 5 survivors (5120K)
 Metaspace       used 99747K, committed 100480K, reserved 1179648K
  class space    used 13586K, committed 13952K, reserved 1048576K
}
Event: 86.630 GC heap after
{Heap after GC invocations=49 (full 0):
 garbage-first heap   total 260096K, used 125570K [0x0000000080000000, 0x0000000100000000)
  region size 1024K, 9 young (9216K), 9 survivors (9216K)
 Metaspace       used 99747K, committed 100480K, reserved 1179648K
  class space    used 13586K, committed 13952K, reserved 1048576K
}
Event: 86.787 GC heap before
{Heap before GC invocations=49 (full 0):
 garbage-first heap   total 260096K, used 158338K [0x0000000080000000, 0x0000000100000000)
  region size 1024K, 26 young (26624K), 9 survivors (9216K)
 Metaspace       used 99961K, committed 100672K, reserved 1179648K
  class space    used 13619K, committed 13952K, reserved 1048576K
}
Event: 86.799 GC heap after
{Heap after GC invocations=50 (full 0):
 garbage-first heap   total 260096K, used 138576K [0x0000000080000000, 0x0000000100000000)
  region size 1024K, 12 young (12288K), 12 survivors (12288K)
 Metaspace       used 99961K, committed 100672K, reserved 1179648K
  class space    used 13619K, committed 13952K, reserved 1048576K
}
Event: 87.594 GC heap before
{Heap before GC invocations=50 (full 0):
 garbage-first heap   total 260096K, used 187728K [0x0000000080000000, 0x0000000100000000)
  region size 1024K, 54 young (55296K), 12 survivors (12288K)
 Metaspace       used 100195K, committed 100992K, reserved 1179648K
  class space    used 13638K, committed 14016K, reserved 1048576K
}
Event: 87.621 GC heap after
{Heap after GC invocations=51 (full 0):
 garbage-first heap   total 260096K, used 153594K [0x0000000080000000, 0x0000000100000000)
  region size 1024K, 12 young (12288K), 12 survivors (12288K)
 Metaspace       used 100195K, committed 100992K, reserved 1179648K
  class space    used 13638K, committed 14016K, reserved 1048576K
}
Event: 88.638 GC heap before
{Heap before GC invocations=52 (full 0):
 garbage-first heap   total 288768K, used 207866K [0x0000000080000000, 0x0000000100000000)
  region size 1024K, 63 young (64512K), 12 survivors (12288K)
 Metaspace       used 100423K, committed 101120K, reserved 1179648K
  class space    used 13660K, committed 14016K, reserved 1048576K
}
Event: 88.693 GC heap after
{Heap after GC invocations=53 (full 0):
 garbage-first heap   total 288768K, used 178956K [0x0000000080000000, 0x0000000100000000)
  region size 1024K, 8 young (8192K), 8 survivors (8192K)
 Metaspace       used 100423K, committed 101120K, reserved 1179648K
  class space    used 13660K, committed 14016K, reserved 1048576K
}
Event: 88.763 GC heap before
{Heap before GC invocations=53 (full 0):
 garbage-first heap   total 288768K, used 185100K [0x0000000080000000, 0x0000000100000000)
  region size 1024K, 14 young (14336K), 8 survivors (8192K)
 Metaspace       used 100424K, committed 101120K, reserved 1179648K
  class space    used 13660K, committed 14016K, reserved 1048576K
}
Event: 88.812 GC heap after
{Heap after GC invocations=54 (full 0):
 garbage-first heap   total 288768K, used 180224K [0x0000000080000000, 0x0000000100000000)
  region size 1024K, 2 young (2048K), 2 survivors (2048K)
 Metaspace       used 100424K, committed 101120K, reserved 1179648K
  class space    used 13660K, committed 14016K, reserved 1048576K
}
Event: 89.252 GC heap before
{Heap before GC invocations=54 (full 0):
 garbage-first heap   total 288768K, used 223232K [0x0000000080000000, 0x0000000100000000)
  region size 1024K, 45 young (46080K), 2 survivors (2048K)
 Metaspace       used 100433K, committed 101184K, reserved 1179648K
  class space    used 13661K, committed 14016K, reserved 1048576K
}
Event: 89.284 GC heap after
{Heap after GC invocations=55 (full 0):
 garbage-first heap   total 288768K, used 202752K [0x0000000080000000, 0x0000000100000000)
  region size 1024K, 6 young (6144K), 6 survivors (6144K)
 Metaspace       used 100433K, committed 101184K, reserved 1179648K
  class space    used 13661K, committed 14016K, reserved 1048576K
}
Event: 90.761 GC heap before
{Heap before GC invocations=55 (full 0):
 garbage-first heap   total 288768K, used 229376K [0x0000000080000000, 0x0000000100000000)
  region size 1024K, 33 young (33792K), 6 survivors (6144K)
 Metaspace       used 100544K, committed 101248K, reserved 1179648K
  class space    used 13676K, committed 14016K, reserved 1048576K
}

