# JRE version: OpenJDK Runtime Environment Temurin-17.0.8+7 (17.0.8+7) (build 17.0.8+7)
# Java VM: OpenJDK 64-Bit Server VM Temurin-17.0.8+7 (17.0.8+7, mixed mode, sharing, tiered, compressed oops, compressed class ptrs, g1 gc, windows-amd64)
GC Precious Log:
 CPUs: 4 total, 4 available
 Memory: 8113M
 Large Page Support: Disabled
 NUMA Support: Disabled
 Compressed Oops: Enabled (32-bit)
 Heap Region Size: 1M
 Heap Min Capacity: 8M
 Heap Initial Capacity: 128M
 Heap Max Capacity: 2G
 Pre-touch: Disabled
 Parallel Workers: 4
 Concurrent Workers: 1
 Concurrent Refinement Workers: 4
 Periodic GC: Disabled
Heap:
 garbage-first heap   total 546816K, used 144311K [0x0000000080000000, 0x0000000100000000)
  region size 1024K, 5 young (5120K), 5 survivors (5120K)
 Metaspace       used 134988K, committed 136448K, reserved 1179648K
  class space    used 17305K, committed 17984K, reserved 1048576K
GC Heap History (20 events):
Event: 913.523 GC heap after
{Heap after GC invocations=98 (full 0):
 garbage-first heap   total 522240K, used 153011K [0x0000000080000000, 0x0000000100000000)
  region size 1024K, 2 young (2048K), 2 survivors (2048K)
 Metaspace       used 133708K, committed 134912K, reserved 1179648K
  class space    used 17166K, committed 17728K, reserved 1048576K
}
Event: 913.654 GC heap before
{Heap before GC invocations=98 (full 0):
 garbage-first heap   total 522240K, used 156083K [0x0000000080000000, 0x0000000100000000)
  region size 1024K, 7 young (7168K), 2 survivors (2048K)
 Metaspace       used 133708K, committed 134912K, reserved 1179648K
  class space    used 17166K, committed 17728K, reserved 1048576K
}
Event: 913.660 GC heap after
{Heap after GC invocations=99 (full 0):
 garbage-first heap   total 522240K, used 155381K [0x0000000080000000, 0x0000000100000000)
  region size 1024K, 5 young (5120K), 5 survivors (5120K)
 Metaspace       used 133708K, committed 134912K, reserved 1179648K
  class space    used 17166K, committed 17728K, reserved 1048576K
}
Event: 920.463 GC heap before
{Heap before GC invocations=100 (full 0):
 garbage-first heap   total 522240K, used 321269K [0x0000000080000000, 0x0000000100000000)
  region size 1024K, 149 young (152576K), 5 survivors (5120K)
 Metaspace       used 134229K, committed 135616K, reserved 1179648K
  class space    used 17265K, committed 17920K, reserved 1048576K
}
Event: 920.496 GC heap after
{Heap after GC invocations=101 (full 0):
 garbage-first heap   total 522240K, used 175359K [0x0000000080000000, 0x0000000100000000)
  region size 1024K, 19 young (19456K), 19 survivors (19456K)
 Metaspace       used 134229K, committed 135616K, reserved 1179648K
  class space    used 17265K, committed 17920K, reserved 1048576K
}
Event: 921.058 GC heap before
{Heap before GC invocations=101 (full 0):
 garbage-first heap   total 522240K, used 180479K [0x0000000080000000, 0x0000000100000000)
  region size 1024K, 25 young (25600K), 19 survivors (19456K)
 Metaspace       used 134275K, committed 135680K, reserved 1179648K
  class space    used 17266K, committed 17920K, reserved 1048576K
}
Event: 921.094 GC heap after
{Heap after GC invocations=102 (full 0):
 garbage-first heap   total 522240K, used 165277K [0x0000000080000000, 0x0000000100000000)
  region size 1024K, 2 young (2048K), 2 survivors (2048K)
 Metaspace       used 134275K, committed 135680K, reserved 1179648K
  class space    used 17266K, committed 17920K, reserved 1048576K
}
Event: 921.137 GC heap before
{Heap before GC invocations=102 (full 0):
 garbage-first heap   total 522240K, used 169373K [0x0000000080000000, 0x0000000100000000)
  region size 1024K, 7 young (7168K), 2 survivors (2048K)
 Metaspace       used 134276K, committed 135680K, reserved 1179648K
  class space    used 17266K, committed 17920K, reserved 1048576K
}
Event: 921.140 GC heap after
{Heap after GC invocations=103 (full 0):
 garbage-first heap   total 522240K, used 163809K [0x0000000080000000, 0x0000000100000000)
  region size 1024K, 1 young (1024K), 1 survivors (1024K)
 Metaspace       used 134276K, committed 135680K, reserved 1179648K
  class space    used 17266K, committed 17920K, reserved 1048576K
}
Event: 1082.834 GC heap before
{Heap before GC invocations=104 (full 0):
 garbage-first heap   total 522240K, used 391137K [0x0000000080000000, 0x0000000100000000)
  region size 1024K, 174 young (178176K), 1 survivors (1024K)
 Metaspace       used 134481K, committed 135872K, reserved 1179648K
  class space    used 17269K, committed 17920K, reserved 1048576K
}
Event: 1082.847 GC heap after
{Heap after GC invocations=105 (full 0):
 garbage-first heap   total 522240K, used 159808K [0x0000000080000000, 0x0000000100000000)
  region size 1024K, 7 young (7168K), 7 survivors (7168K)
 Metaspace       used 134481K, committed 135872K, reserved 1179648K
  class space    used 17269K, committed 17920K, reserved 1048576K
}
Event: 1083.294 GC heap before
{Heap before GC invocations=105 (full 0):
 garbage-first heap   total 522240K, used 177216K [0x0000000080000000, 0x0000000100000000)
  region size 1024K, 25 young (25600K), 7 survivors (7168K)
 Metaspace       used 134498K, committed 135872K, reserved 1179648K
  class space    used 17269K, committed 17920K, reserved 1048576K
}
Event: 1083.321 GC heap after
{Heap after GC invocations=106 (full 0):
 garbage-first heap   total 522240K, used 152380K [0x0000000080000000, 0x0000000100000000)
  region size 1024K, 4 young (4096K), 4 survivors (4096K)
 Metaspace       used 134498K, committed 135872K, reserved 1179648K
  class space    used 17269K, committed 17920K, reserved 1048576K
}
Event: 1083.334 GC heap before
{Heap before GC invocations=106 (full 0):
 garbage-first heap   total 522240K, used 152380K [0x0000000080000000, 0x0000000100000000)
  region size 1024K, 5 young (5120K), 4 survivors (4096K)
 Metaspace       used 134498K, committed 135872K, reserved 1179648K
  class space    used 17269K, committed 17920K, reserved 1048576K
}
Event: 1083.340 GC heap after
{Heap after GC invocations=107 (full 0):
 garbage-first heap   total 522240K, used 152487K [0x0000000080000000, 0x0000000100000000)
  region size 1024K, 4 young (4096K), 4 survivors (4096K)
 Metaspace       used 134498K, committed 135872K, reserved 1179648K
  class space    used 17269K, committed 17920K, reserved 1048576K
}
Event: 1444.123 GC heap before
{Heap before GC invocations=108 (full 0):
 garbage-first heap   total 522240K, used 406439K [0x0000000080000000, 0x0000000100000000)
  region size 1024K, 181 young (185344K), 4 survivors (4096K)
 Metaspace       used 134861K, committed 136256K, reserved 1179648K
  class space    used 17302K, committed 17984K, reserved 1048576K
}
Event: 1444.152 GC heap after
{Heap after GC invocations=109 (full 0):
 garbage-first heap   total 522240K, used 161592K [0x0000000080000000, 0x0000000100000000)
  region size 1024K, 12 young (12288K), 12 survivors (12288K)
 Metaspace       used 134861K, committed 136256K, reserved 1179648K
  class space    used 17302K, committed 17984K, reserved 1048576K
}
Event: 1444.401 GC heap before
{Heap before GC invocations=109 (full 0):
 garbage-first heap   total 522240K, used 173880K [0x0000000080000000, 0x0000000100000000)
  region size 1024K, 25 young (25600K), 12 survivors (12288K)
 Metaspace       used 134881K, committed 136320K, reserved 1179648K
  class space    used 17302K, committed 17984K, reserved 1048576K
}
Event: 1444.436 GC heap after
{Heap after GC invocations=110 (full 0):
 garbage-first heap   total 522240K, used 142121K [0x0000000080000000, 0x0000000100000000)
  region size 1024K, 2 young (2048K), 2 survivors (2048K)
 Metaspace       used 134881K, committed 136320K, reserved 1179648K
  class space    used 17302K, committed 17984K, reserved 1048576K
}
Event: 1445.687 GC heap before
{Heap before GC invocations=110 (full 0):
 garbage-first heap   total 522240K, used 193321K [0x0000000080000000, 0x0000000100000000)
  region size 1024K, 54 young (55296K), 2 survivors (2048K)
 Metaspace       used 134988K, committed 136448K, reserved 1179648K
  class space    used 17305K, committed 17984K, reserved 1048576K
}

